<?xml version="1.0" encoding="UTF-8"?>
<!-- Generated by org.testng.reporters.JUnitReportReporter -->
<testsuite hostname="DESKTOP-EF8P1RI" failures="0" tests="2" name="testcases_product.TS_04_Action_Product" time="0.000" errors="1" timestamp="2021-05-04T18:21:16 IST" skipped="1">
  <testcase classname="testcases_product.TS_04_Action_Product" name="action_add_variation" time="0.000">
    <error message="
Parameter &#039;excel_start&#039; is required by @Test on method action_add_variation but has not been marked @Optional or defined
in C:\Users\P A R T H A N\eclipse-workspace\TextileFokuz_All\testng_Search_Filtr_Delete.xml" type="org.testng.TestNGException">
      <![CDATA[org.testng.TestNGException: 
Parameter 'excel_start' is required by @Test on method action_add_variation but has not been marked @Optional or defined
in C:\Users\P A R T H A N\eclipse-workspace\TextileFokuz_All\testng_Search_Filtr_Delete.xml
at org.testng.internal.Parameters.createParams(Parameters.java:268)
at org.testng.internal.Parameters.createParametersForMethod(Parameters.java:356)
at org.testng.internal.Parameters.createParameters(Parameters.java:700)
at org.testng.internal.Parameters.handleParameters(Parameters.java:875)
at org.testng.internal.Parameters.handleParameters(Parameters.java:740)
at org.testng.internal.ParameterHandler.handleParameters(ParameterHandler.java:59)
at org.testng.internal.ParameterHandler.createParameters(ParameterHandler.java:38)
at org.testng.internal.TestInvoker$MethodInvocationAgent.invoke(TestInvoker.java:789)
at org.testng.internal.TestInvoker.invokeTestMethods(TestInvoker.java:147)
at org.testng.internal.TestMethodWorker.invokeTestMethods(TestMethodWorker.java:146)
at org.testng.internal.TestMethodWorker.run(TestMethodWorker.java:128)
at java.base/java.util.concurrent.ThreadPoolExecutor.runWorker(ThreadPoolExecutor.java:1130)
at java.base/java.util.concurrent.ThreadPoolExecutor$Worker.run(ThreadPoolExecutor.java:630)
at java.base/java.lang.Thread.run(Thread.java:832)
]]>
    </error>
  </testcase> <!-- action_add_variation -->
  <system-out/>
  <testcase classname="testcases_product.TS_04_Action_Product" name="action_of_product">
    <skipped/>
  </testcase> <!-- action_of_product -->
  <system-out/>
</testsuite> <!-- testcases_product.TS_04_Action_Product -->
